生成启动时间为 2019/7/17 15:34:03。
     1>项目“D:\git\git\usual_practice_c\课上程序练习\数据结构链表课堂练习\数据结构链表课堂练习\数据结构链表课堂练习.vcxproj”在节点 2 上(Build 个目标)。
     1>ClCompile:
         D:\Program Files (x86)\Microsoft Visual Studio 12.0\VC\bin\CL.exe /c /ZI /nologo /W3 /WX- /sdl /Od /Oy- /D _UNICODE /D UNICODE /Gm /EHsc /RTC1 /MDd /GS /fp:precise /Zc:wchar_t /Zc:forScope /Fo"Debug\\" /Fd"Debug\vc120.pdb" /Gd /TC /analyze- /errorReport:prompt seqlist.c
         seqlist.c
     1>d:\git\git\usual_practice_c\课上程序练习\数据结构链表课堂练习\数据结构链表课堂练习\seqlist.c(59): warning C4018: “<”: 有符号/无符号不匹配
     1>d:\git\git\usual_practice_c\课上程序练习\数据结构链表课堂练习\数据结构链表课堂练习\seqlist.c(69): warning C4018: “<”: 有符号/无符号不匹配
     1>d:\git\git\usual_practice_c\课上程序练习\数据结构链表课堂练习\数据结构链表课堂练习\seqlist.c(85): warning C4018: “>=”: 有符号/无符号不匹配
     1>d:\git\git\usual_practice_c\课上程序练习\数据结构链表课堂练习\数据结构链表课堂练习\seqlist.c(96): warning C4018: “<”: 有符号/无符号不匹配
     1>d:\git\git\usual_practice_c\课上程序练习\数据结构链表课堂练习\数据结构链表课堂练习\seqlist.c(130): warning C4018: “<”: 有符号/无符号不匹配
     1>d:\git\git\usual_practice_c\课上程序练习\数据结构链表课堂练习\数据结构链表课堂练习\seqlist.c(154): warning C4018: “<”: 有符号/无符号不匹配
     1>d:\git\git\usual_practice_c\课上程序练习\数据结构链表课堂练习\数据结构链表课堂练习\seqlist.c(166): warning C4018: “<”: 有符号/无符号不匹配
     1>d:\git\git\usual_practice_c\课上程序练习\数据结构链表课堂练习\数据结构链表课堂练习\seqlist.c(168): warning C4018: “<”: 有符号/无符号不匹配
       Link:
         D:\Program Files (x86)\Microsoft Visual Studio 12.0\VC\bin\link.exe /ERRORREPORT:PROMPT /OUT:"D:\git\git\usual_practice_c\课上程序练习\数据结构链表课堂练习\Debug\数据结构链表课堂练习.exe" /INCREMENTAL /NOLOGO kernel32.lib user32.lib gdi32.lib winspool.lib comdlg32.lib advapi32.lib shell32.lib ole32.lib oleaut32.lib uuid.lib odbc32.lib odbccp32.lib /MANIFEST /MANIFESTUAC:"level='asInvoker' uiAccess='false'" /manifest:embed /DEBUG /PDB:"D:\git\git\usual_practice_c\课上程序练习\数据结构链表课堂练习\Debug\数据结构链表课堂练习.pdb" /TLBID:1 /DYNAMICBASE /NXCOMPAT /IMPLIB:"D:\git\git\usual_practice_c\课上程序练习\数据结构链表课堂练习\Debug\数据结构链表课堂练习.lib" /MACHINE:X86 Debug\main.obj
         Debug\seqlist.obj
         数据结构链表课堂练习.vcxproj -> D:\git\git\usual_practice_c\课上程序练习\数据结构链表课堂练习\Debug\数据结构链表课堂练习.exe
     1>已完成生成项目“D:\git\git\usual_practice_c\课上程序练习\数据结构链表课堂练习\数据结构链表课堂练习\数据结构链表课堂练习.vcxproj”(Build 个目标)的操作。

生成成功。

已用时间 00:00:01.34
