生成启动时间为 2019/7/24 22:29:30。
     1>项目“D:\git\git\usual_practice_c\practice_r\顺序表复习1\顺序表复习1\顺序表复习1.vcxproj”在节点 2 上(Build 个目标)。
     1>ClCompile:
         D:\Program Files (x86)\Microsoft Visual Studio 12.0\VC\bin\CL.exe /c /ZI /nologo /W3 /WX- /sdl /Od /Oy- /D _UNICODE /D UNICODE /Gm /EHsc /RTC1 /MDd /GS /fp:precise /Zc:wchar_t /Zc:forScope /Fo"Debug\\" /Fd"Debug\vc120.pdb" /Gd /TC /analyze- /errorReport:prompt SeqList.c
         SeqList.c
     1>d:\git\git\usual_practice_c\practice_r\顺序表复习1\顺序表复习1\seqlist.c(62): warning C4018: “<”: 有符号/无符号不匹配
     1>d:\git\git\usual_practice_c\practice_r\顺序表复习1\顺序表复习1\seqlist.c(71): warning C4018: “<”: 有符号/无符号不匹配
     1>d:\git\git\usual_practice_c\practice_r\顺序表复习1\顺序表复习1\seqlist.c(85): warning C4018: “>”: 有符号/无符号不匹配
     1>d:\git\git\usual_practice_c\practice_r\顺序表复习1\顺序表复习1\seqlist.c(96): warning C4018: “<”: 有符号/无符号不匹配
     1>d:\git\git\usual_practice_c\practice_r\顺序表复习1\顺序表复习1\seqlist.c(107): warning C4018: “<”: 有符号/无符号不匹配
     1>d:\git\git\usual_practice_c\practice_r\顺序表复习1\顺序表复习1\seqlist.c(139): warning C4018: “<”: 有符号/无符号不匹配
     1>d:\git\git\usual_practice_c\practice_r\顺序表复习1\顺序表复习1\seqlist.c(154): warning C4018: “<”: 有符号/无符号不匹配
     1>d:\git\git\usual_practice_c\practice_r\顺序表复习1\顺序表复习1\seqlist.c(156): warning C4018: “<”: 有符号/无符号不匹配
       Link:
         D:\Program Files (x86)\Microsoft Visual Studio 12.0\VC\bin\link.exe /ERRORREPORT:PROMPT /OUT:"D:\git\git\usual_practice_c\practice_r\顺序表复习1\Debug\顺序表复习1.exe" /INCREMENTAL /NOLOGO kernel32.lib user32.lib gdi32.lib winspool.lib comdlg32.lib advapi32.lib shell32.lib ole32.lib oleaut32.lib uuid.lib odbc32.lib odbccp32.lib /MANIFEST /MANIFESTUAC:"level='asInvoker' uiAccess='false'" /manifest:embed /DEBUG /PDB:"D:\git\git\usual_practice_c\practice_r\顺序表复习1\Debug\顺序表复习1.pdb" /TLBID:1 /DYNAMICBASE /NXCOMPAT /IMPLIB:"D:\git\git\usual_practice_c\practice_r\顺序表复习1\Debug\顺序表复习1.lib" /MACHINE:X86 Debug\main.obj
         Debug\SeqList.obj
         顺序表复习1.vcxproj -> D:\git\git\usual_practice_c\practice_r\顺序表复习1\Debug\顺序表复习1.exe
     1>已完成生成项目“D:\git\git\usual_practice_c\practice_r\顺序表复习1\顺序表复习1\顺序表复习1.vcxproj”(Build 个目标)的操作。

生成成功。

已用时间 00:00:01.55
